{"C:\\Users\\mailn\\Desktop\\moViewer\\MoViewerNet\\app\\app.js": {"path":"C:\\Users\\mailn\\Desktop\\moViewer\\MoViewerNet\\app\\app.js","statementMap":{"0":{"start":{"line":1,"column":16},"end":{"line":1,"column":34}},"1":{"start":{"line":2,"column":12},"end":{"line":2,"column":21}},"2":{"start":{"line":3,"column":13},"end":{"line":3,"column":28}},"3":{"start":{"line":4,"column":18},"end":{"line":4,"column":47}},"4":{"start":{"line":5,"column":24},"end":{"line":5,"column":50}},"5":{"start":{"line":8,"column":23},"end":{"line":8,"column":53}},"6":{"start":{"line":9,"column":21},"end":{"line":9,"column":49}},"7":{"start":{"line":12,"column":14},"end":{"line":12,"column":35}},"8":{"start":{"line":13,"column":14},"end":{"line":13,"column":35}},"9":{"start":{"line":14,"column":13},"end":{"line":14,"column":33}},"10":{"start":{"line":15,"column":15},"end":{"line":15,"column":37}},"11":{"start":{"line":18,"column":0},"end":{"line":18,"column":24}},"12":{"start":{"line":19,"column":0},"end":{"line":19,"column":47}},"13":{"start":{"line":20,"column":0},"end":{"line":20,"column":16}},"14":{"start":{"line":21,"column":0},"end":{"line":21,"column":72}},"15":{"start":{"line":24,"column":0},"end":{"line":24,"column":62}},"16":{"start":{"line":25,"column":0},"end":{"line":25,"column":39}},"17":{"start":{"line":28,"column":0},"end":{"line":31,"column":3}},"18":{"start":{"line":29,"column":4},"end":{"line":29,"column":63}},"19":{"start":{"line":30,"column":4},"end":{"line":30,"column":11}},"20":{"start":{"line":34,"column":0},"end":{"line":34,"column":51}},"21":{"start":{"line":35,"column":0},"end":{"line":35,"column":46}},"22":{"start":{"line":36,"column":0},"end":{"line":36,"column":49}},"23":{"start":{"line":37,"column":0},"end":{"line":37,"column":49}},"24":{"start":{"line":38,"column":0},"end":{"line":38,"column":46}},"25":{"start":{"line":39,"column":0},"end":{"line":39,"column":49}},"26":{"start":{"line":40,"column":0},"end":{"line":40,"column":49}},"27":{"start":{"line":41,"column":0},"end":{"line":41,"column":51}},"28":{"start":{"line":42,"column":0},"end":{"line":42,"column":48}},"29":{"start":{"line":43,"column":0},"end":{"line":43,"column":47}},"30":{"start":{"line":44,"column":0},"end":{"line":44,"column":51}},"31":{"start":{"line":47,"column":0},"end":{"line":47,"column":32}},"32":{"start":{"line":48,"column":0},"end":{"line":48,"column":32}},"33":{"start":{"line":49,"column":0},"end":{"line":49,"column":30}},"34":{"start":{"line":50,"column":0},"end":{"line":50,"column":34}},"35":{"start":{"line":53,"column":0},"end":{"line":56,"column":3}},"36":{"start":{"line":54,"column":4},"end":{"line":54,"column":20}},"37":{"start":{"line":55,"column":4},"end":{"line":55,"column":37}},"38":{"start":{"line":59,"column":0},"end":{"line":59,"column":21}}},"fnMap":{"0":{"name":"(anonymous_0)","decl":{"start":{"line":28,"column":8},"end":{"line":28,"column":9}},"loc":{"start":{"line":28,"column":28},"end":{"line":31,"column":1}},"line":28},"1":{"name":"(anonymous_1)","decl":{"start":{"line":53,"column":8},"end":{"line":53,"column":9}},"loc":{"start":{"line":53,"column":22},"end":{"line":56,"column":1}},"line":53}},"branchMap":{"0":{"loc":{"start":{"line":24,"column":28},"end":{"line":24,"column":59}},"type":"binary-expr","locations":[{"start":{"line":24,"column":28},"end":{"line":24,"column":47}},{"start":{"line":24,"column":51},"end":{"line":24,"column":59}}],"line":24}},"s":{"0":2,"1":2,"2":2,"3":2,"4":2,"5":2,"6":2,"7":2,"8":2,"9":2,"10":2,"11":2,"12":2,"13":2,"14":2,"15":2,"16":2,"17":2,"18":6,"19":6,"20":2,"21":2,"22":2,"23":2,"24":2,"25":2,"26":2,"27":2,"28":2,"29":2,"30":2,"31":2,"32":2,"33":2,"34":2,"35":2,"36":0,"37":0,"38":2},"f":{"0":6,"1":0},"b":{"0":[2,2]},"_coverageSchema":"1a1c01bbd47fc00a2c39e90264f33305004495a9","hash":"d6110f8db2888862e5a901d9d8b8770a59a1da59"}
,"C:\\Users\\mailn\\Desktop\\moViewer\\MoViewerNet\\app\\authentication.js": {"path":"C:\\Users\\mailn\\Desktop\\moViewer\\MoViewerNet\\app\\authentication.js","statementMap":{"0":{"start":{"line":1,"column":16},"end":{"line":1,"column":34}},"1":{"start":{"line":2,"column":15},"end":{"line":2,"column":31}},"2":{"start":{"line":3,"column":13},"end":{"line":3,"column":37}},"3":{"start":{"line":4,"column":12},"end":{"line":4,"column":35}},"4":{"start":{"line":8,"column":0},"end":{"line":37,"column":3}},"5":{"start":{"line":9,"column":12},"end":{"line":9,"column":102}},"6":{"start":{"line":10,"column":1},"end":{"line":14,"column":2}},"7":{"start":{"line":11,"column":2},"end":{"line":11,"column":82}},"8":{"start":{"line":12,"column":2},"end":{"line":12,"column":55}},"9":{"start":{"line":13,"column":2},"end":{"line":13,"column":9}},"10":{"start":{"line":15,"column":1},"end":{"line":19,"column":2}},"11":{"start":{"line":16,"column":2},"end":{"line":16,"column":82}},"12":{"start":{"line":17,"column":2},"end":{"line":17,"column":56}},"13":{"start":{"line":18,"column":2},"end":{"line":18,"column":9}},"14":{"start":{"line":20,"column":15},"end":{"line":23,"column":2}},"15":{"start":{"line":24,"column":15},"end":{"line":26,"column":2}},"16":{"start":{"line":27,"column":13},"end":{"line":27,"column":65}},"17":{"start":{"line":28,"column":1},"end":{"line":36,"column":4}},"18":{"start":{"line":41,"column":0},"end":{"line":41,"column":24}}},"fnMap":{"0":{"name":"(anonymous_0)","decl":{"start":{"line":8,"column":16},"end":{"line":8,"column":17}},"loc":{"start":{"line":8,"column":41},"end":{"line":37,"column":1}},"line":8}},"branchMap":{"0":{"loc":{"start":{"line":10,"column":1},"end":{"line":14,"column":2}},"type":"if","locations":[{"start":{"line":10,"column":1},"end":{"line":14,"column":2}},{"start":{},"end":{}}],"line":10},"1":{"loc":{"start":{"line":15,"column":1},"end":{"line":19,"column":2}},"type":"if","locations":[{"start":{"line":15,"column":1},"end":{"line":19,"column":2}},{"start":{},"end":{}}],"line":15}},"s":{"0":2,"1":2,"2":2,"3":2,"4":2,"5":0,"6":0,"7":0,"8":0,"9":0,"10":0,"11":0,"12":0,"13":0,"14":0,"15":0,"16":0,"17":0,"18":2},"f":{"0":0},"b":{"0":[0,0],"1":[0,0]},"_coverageSchema":"1a1c01bbd47fc00a2c39e90264f33305004495a9","hash":"5155a1bf9d9ad2e84aa9fcabf025d0705e8a0f9c"}
,"C:\\Users\\mailn\\Desktop\\moViewer\\MoViewerNet\\app\\movie.js": {"path":"C:\\Users\\mailn\\Desktop\\moViewer\\MoViewerNet\\app\\movie.js","statementMap":{"0":{"start":{"line":1,"column":16},"end":{"line":1,"column":34}},"1":{"start":{"line":2,"column":15},"end":{"line":2,"column":31}},"2":{"start":{"line":3,"column":14},"end":{"line":3,"column":39}},"3":{"start":{"line":4,"column":14},"end":{"line":4,"column":39}},"4":{"start":{"line":8,"column":0},"end":{"line":29,"column":3}},"5":{"start":{"line":9,"column":18},"end":{"line":9,"column":121}},"6":{"start":{"line":10,"column":18},"end":{"line":10,"column":121}},"7":{"start":{"line":11,"column":4},"end":{"line":28,"column":5}},"8":{"start":{"line":12,"column":23},"end":{"line":20,"column":10}},"9":{"start":{"line":21,"column":8},"end":{"line":21,"column":41}},"10":{"start":{"line":22,"column":22},"end":{"line":22,"column":33}},"11":{"start":{"line":23,"column":8},"end":{"line":23,"column":68}},"12":{"start":{"line":24,"column":8},"end":{"line":24,"column":49}},"13":{"start":{"line":26,"column":8},"end":{"line":26,"column":99}},"14":{"start":{"line":27,"column":8},"end":{"line":27,"column":79}},"15":{"start":{"line":33,"column":0},"end":{"line":46,"column":3}},"16":{"start":{"line":34,"column":19},"end":{"line":34,"column":39}},"17":{"start":{"line":35,"column":4},"end":{"line":44,"column":7}},"18":{"start":{"line":36,"column":8},"end":{"line":43,"column":10}},"19":{"start":{"line":45,"column":4},"end":{"line":45,"column":35}},"20":{"start":{"line":50,"column":0},"end":{"line":54,"column":3}},"21":{"start":{"line":51,"column":4},"end":{"line":51,"column":31}},"22":{"start":{"line":52,"column":4},"end":{"line":52,"column":80}},"23":{"start":{"line":53,"column":4},"end":{"line":53,"column":58}},"24":{"start":{"line":58,"column":0},"end":{"line":71,"column":3}},"25":{"start":{"line":59,"column":19},"end":{"line":59,"column":170}},"26":{"start":{"line":60,"column":4},"end":{"line":69,"column":7}},"27":{"start":{"line":61,"column":8},"end":{"line":68,"column":10}},"28":{"start":{"line":70,"column":4},"end":{"line":70,"column":35}},"29":{"start":{"line":75,"column":0},"end":{"line":85,"column":3}},"30":{"start":{"line":76,"column":18},"end":{"line":76,"column":122}},"31":{"start":{"line":77,"column":4},"end":{"line":81,"column":5}},"32":{"start":{"line":78,"column":8},"end":{"line":78,"column":85}},"33":{"start":{"line":79,"column":8},"end":{"line":79,"column":65}},"34":{"start":{"line":80,"column":8},"end":{"line":80,"column":15}},"35":{"start":{"line":82,"column":4},"end":{"line":82,"column":30}},"36":{"start":{"line":83,"column":4},"end":{"line":83,"column":78}},"37":{"start":{"line":84,"column":4},"end":{"line":84,"column":56}},"38":{"start":{"line":89,"column":0},"end":{"line":102,"column":3}},"39":{"start":{"line":90,"column":18},"end":{"line":90,"column":53}},"40":{"start":{"line":91,"column":4},"end":{"line":101,"column":7}},"41":{"start":{"line":109,"column":0},"end":{"line":109,"column":24}}},"fnMap":{"0":{"name":"(anonymous_0)","decl":{"start":{"line":8,"column":23},"end":{"line":8,"column":24}},"loc":{"start":{"line":8,"column":43},"end":{"line":29,"column":1}},"line":8},"1":{"name":"(anonymous_1)","decl":{"start":{"line":33,"column":22},"end":{"line":33,"column":23}},"loc":{"start":{"line":33,"column":42},"end":{"line":46,"column":1}},"line":33},"2":{"name":"(anonymous_2)","decl":{"start":{"line":35,"column":29},"end":{"line":35,"column":30}},"loc":{"start":{"line":35,"column":43},"end":{"line":44,"column":5}},"line":35},"3":{"name":"(anonymous_3)","decl":{"start":{"line":50,"column":28},"end":{"line":50,"column":29}},"loc":{"start":{"line":50,"column":48},"end":{"line":54,"column":1}},"line":50},"4":{"name":"(anonymous_4)","decl":{"start":{"line":58,"column":43},"end":{"line":58,"column":44}},"loc":{"start":{"line":58,"column":63},"end":{"line":71,"column":1}},"line":58},"5":{"name":"(anonymous_5)","decl":{"start":{"line":60,"column":29},"end":{"line":60,"column":30}},"loc":{"start":{"line":60,"column":43},"end":{"line":69,"column":5}},"line":60},"6":{"name":"(anonymous_6)","decl":{"start":{"line":75,"column":45},"end":{"line":75,"column":46}},"loc":{"start":{"line":75,"column":65},"end":{"line":85,"column":1}},"line":75},"7":{"name":"(anonymous_7)","decl":{"start":{"line":89,"column":19},"end":{"line":89,"column":20}},"loc":{"start":{"line":89,"column":39},"end":{"line":102,"column":1}},"line":89}},"branchMap":{"0":{"loc":{"start":{"line":11,"column":4},"end":{"line":28,"column":5}},"type":"if","locations":[{"start":{"line":11,"column":4},"end":{"line":28,"column":5}},{"start":{"line":25,"column":11},"end":{"line":28,"column":5}}],"line":11},"1":{"loc":{"start":{"line":11,"column":8},"end":{"line":11,"column":28}},"type":"binary-expr","locations":[{"start":{"line":11,"column":8},"end":{"line":11,"column":16}},{"start":{"line":11,"column":20},"end":{"line":11,"column":28}}],"line":11},"2":{"loc":{"start":{"line":77,"column":4},"end":{"line":81,"column":5}},"type":"if","locations":[{"start":{"line":77,"column":4},"end":{"line":81,"column":5}},{"start":{},"end":{}}],"line":77}},"s":{"0":2,"1":2,"2":2,"3":2,"4":2,"5":0,"6":0,"7":0,"8":0,"9":0,"10":0,"11":0,"12":0,"13":0,"14":0,"15":2,"16":1,"17":1,"18":1,"19":1,"20":2,"21":0,"22":0,"23":0,"24":2,"25":1,"26":1,"27":1,"28":1,"29":2,"30":0,"31":0,"32":0,"33":0,"34":0,"35":0,"36":0,"37":0,"38":2,"39":1,"40":1,"41":2},"f":{"0":0,"1":1,"2":1,"3":0,"4":1,"5":1,"6":0,"7":1},"b":{"0":[0,0],"1":[0,0],"2":[0,0]},"_coverageSchema":"1a1c01bbd47fc00a2c39e90264f33305004495a9","hash":"015c249ce9c8678feb9e9f215185966b0fdaa641"}
,"C:\\Users\\mailn\\Desktop\\moViewer\\MoViewerNet\\app\\review.js": {"path":"C:\\Users\\mailn\\Desktop\\moViewer\\MoViewerNet\\app\\review.js","statementMap":{"0":{"start":{"line":1,"column":16},"end":{"line":1,"column":34}},"1":{"start":{"line":2,"column":15},"end":{"line":2,"column":31}},"2":{"start":{"line":3,"column":13},"end":{"line":3,"column":37}},"3":{"start":{"line":4,"column":14},"end":{"line":4,"column":39}},"4":{"start":{"line":5,"column":14},"end":{"line":5,"column":39}},"5":{"start":{"line":6,"column":15},"end":{"line":6,"column":41}},"6":{"start":{"line":12,"column":0},"end":{"line":45,"column":3}},"7":{"start":{"line":13,"column":23},"end":{"line":13,"column":74}},"8":{"start":{"line":14,"column":20},"end":{"line":14,"column":125}},"9":{"start":{"line":15,"column":4},"end":{"line":16,"column":126}},"10":{"start":{"line":16,"column":8},"end":{"line":16,"column":126}},"11":{"start":{"line":17,"column":4},"end":{"line":21,"column":5}},"12":{"start":{"line":18,"column":8},"end":{"line":18,"column":92}},"13":{"start":{"line":19,"column":8},"end":{"line":19,"column":72}},"14":{"start":{"line":20,"column":8},"end":{"line":20,"column":15}},"15":{"start":{"line":22,"column":4},"end":{"line":26,"column":5}},"16":{"start":{"line":23,"column":8},"end":{"line":23,"column":78}},"17":{"start":{"line":24,"column":8},"end":{"line":24,"column":58}},"18":{"start":{"line":25,"column":8},"end":{"line":25,"column":15}},"19":{"start":{"line":28,"column":32},"end":{"line":28,"column":171}},"20":{"start":{"line":29,"column":4},"end":{"line":44,"column":5}},"21":{"start":{"line":30,"column":24},"end":{"line":36,"column":10}},"22":{"start":{"line":37,"column":8},"end":{"line":37,"column":43}},"23":{"start":{"line":38,"column":23},"end":{"line":38,"column":35}},"24":{"start":{"line":39,"column":8},"end":{"line":39,"column":70}},"25":{"start":{"line":40,"column":8},"end":{"line":40,"column":55}},"26":{"start":{"line":42,"column":8},"end":{"line":42,"column":105}},"27":{"start":{"line":43,"column":8},"end":{"line":43,"column":85}},"28":{"start":{"line":49,"column":0},"end":{"line":73,"column":3}},"29":{"start":{"line":50,"column":20},"end":{"line":50,"column":125}},"30":{"start":{"line":51,"column":4},"end":{"line":52,"column":126}},"31":{"start":{"line":52,"column":8},"end":{"line":52,"column":126}},"32":{"start":{"line":53,"column":4},"end":{"line":57,"column":5}},"33":{"start":{"line":54,"column":8},"end":{"line":54,"column":89}},"34":{"start":{"line":55,"column":8},"end":{"line":55,"column":69}},"35":{"start":{"line":56,"column":8},"end":{"line":56,"column":15}},"36":{"start":{"line":59,"column":21},"end":{"line":59,"column":124}},"37":{"start":{"line":60,"column":20},"end":{"line":60,"column":21}},"38":{"start":{"line":61,"column":27},"end":{"line":61,"column":28}},"39":{"start":{"line":62,"column":4},"end":{"line":65,"column":8}},"40":{"start":{"line":63,"column":8},"end":{"line":63,"column":27}},"41":{"start":{"line":64,"column":8},"end":{"line":64,"column":37}},"42":{"start":{"line":66,"column":4},"end":{"line":66,"column":38}},"43":{"start":{"line":66,"column":30},"end":{"line":66,"column":38}},"44":{"start":{"line":67,"column":4},"end":{"line":67,"column":43}},"45":{"start":{"line":69,"column":4},"end":{"line":69,"column":38}},"46":{"start":{"line":70,"column":4},"end":{"line":70,"column":39}},"47":{"start":{"line":71,"column":4},"end":{"line":71,"column":88}},"48":{"start":{"line":72,"column":4},"end":{"line":72,"column":66}},"49":{"start":{"line":77,"column":0},"end":{"line":90,"column":3}},"50":{"start":{"line":78,"column":20},"end":{"line":78,"column":41}},"51":{"start":{"line":79,"column":4},"end":{"line":88,"column":7}},"52":{"start":{"line":80,"column":8},"end":{"line":87,"column":10}},"53":{"start":{"line":89,"column":4},"end":{"line":89,"column":36}},"54":{"start":{"line":95,"column":0},"end":{"line":95,"column":24}}},"fnMap":{"0":{"name":"(anonymous_0)","decl":{"start":{"line":12,"column":27},"end":{"line":12,"column":28}},"loc":{"start":{"line":12,"column":47},"end":{"line":45,"column":1}},"line":12},"1":{"name":"(anonymous_1)","decl":{"start":{"line":49,"column":34},"end":{"line":49,"column":35}},"loc":{"start":{"line":49,"column":54},"end":{"line":73,"column":1}},"line":49},"2":{"name":"(anonymous_2)","decl":{"start":{"line":62,"column":33},"end":{"line":62,"column":34}},"loc":{"start":{"line":62,"column":49},"end":{"line":65,"column":5}},"line":62},"3":{"name":"(anonymous_3)","decl":{"start":{"line":77,"column":22},"end":{"line":77,"column":23}},"loc":{"start":{"line":77,"column":42},"end":{"line":90,"column":1}},"line":77},"4":{"name":"(anonymous_4)","decl":{"start":{"line":79,"column":31},"end":{"line":79,"column":32}},"loc":{"start":{"line":79,"column":46},"end":{"line":88,"column":5}},"line":79}},"branchMap":{"0":{"loc":{"start":{"line":15,"column":4},"end":{"line":16,"column":126}},"type":"if","locations":[{"start":{"line":15,"column":4},"end":{"line":16,"column":126}},{"start":{},"end":{}}],"line":15},"1":{"loc":{"start":{"line":17,"column":4},"end":{"line":21,"column":5}},"type":"if","locations":[{"start":{"line":17,"column":4},"end":{"line":21,"column":5}},{"start":{},"end":{}}],"line":17},"2":{"loc":{"start":{"line":17,"column":7},"end":{"line":17,"column":34}},"type":"binary-expr","locations":[{"start":{"line":17,"column":7},"end":{"line":17,"column":20}},{"start":{"line":17,"column":24},"end":{"line":17,"column":34}}],"line":17},"3":{"loc":{"start":{"line":22,"column":4},"end":{"line":26,"column":5}},"type":"if","locations":[{"start":{"line":22,"column":4},"end":{"line":26,"column":5}},{"start":{},"end":{}}],"line":22},"4":{"loc":{"start":{"line":22,"column":7},"end":{"line":22,"column":77}},"type":"binary-expr","locations":[{"start":{"line":22,"column":7},"end":{"line":22,"column":39}},{"start":{"line":22,"column":43},"end":{"line":22,"column":58}},{"start":{"line":22,"column":62},"end":{"line":22,"column":77}}],"line":22},"5":{"loc":{"start":{"line":29,"column":4},"end":{"line":44,"column":5}},"type":"if","locations":[{"start":{"line":29,"column":4},"end":{"line":44,"column":5}},{"start":{"line":41,"column":11},"end":{"line":44,"column":5}}],"line":29},"6":{"loc":{"start":{"line":51,"column":4},"end":{"line":52,"column":126}},"type":"if","locations":[{"start":{"line":51,"column":4},"end":{"line":52,"column":126}},{"start":{},"end":{}}],"line":51},"7":{"loc":{"start":{"line":53,"column":4},"end":{"line":57,"column":5}},"type":"if","locations":[{"start":{"line":53,"column":4},"end":{"line":57,"column":5}},{"start":{},"end":{}}],"line":53},"8":{"loc":{"start":{"line":66,"column":4},"end":{"line":66,"column":38}},"type":"if","locations":[{"start":{"line":66,"column":4},"end":{"line":66,"column":38}},{"start":{},"end":{}}],"line":66}},"s":{"0":2,"1":2,"2":2,"3":2,"4":2,"5":2,"6":2,"7":0,"8":0,"9":0,"10":0,"11":0,"12":0,"13":0,"14":0,"15":0,"16":0,"17":0,"18":0,"19":0,"20":0,"21":0,"22":0,"23":0,"24":0,"25":0,"26":0,"27":0,"28":2,"29":0,"30":0,"31":0,"32":0,"33":0,"34":0,"35":0,"36":0,"37":0,"38":0,"39":0,"40":0,"41":0,"42":0,"43":0,"44":0,"45":0,"46":0,"47":0,"48":0,"49":2,"50":0,"51":0,"52":0,"53":0,"54":2},"f":{"0":0,"1":0,"2":0,"3":0,"4":0},"b":{"0":[0,0],"1":[0,0],"2":[0,0],"3":[0,0],"4":[0,0,0],"5":[0,0],"6":[0,0],"7":[0,0],"8":[0,0]},"_coverageSchema":"1a1c01bbd47fc00a2c39e90264f33305004495a9","hash":"d3350b69a3c86e99b9bb72917c9eac4a25165342"}
,"C:\\Users\\mailn\\Desktop\\moViewer\\MoViewerNet\\app\\serie.js": {"path":"C:\\Users\\mailn\\Desktop\\moViewer\\MoViewerNet\\app\\serie.js","statementMap":{"0":{"start":{"line":1,"column":16},"end":{"line":1,"column":34}},"1":{"start":{"line":2,"column":15},"end":{"line":2,"column":31}},"2":{"start":{"line":3,"column":14},"end":{"line":3,"column":39}},"3":{"start":{"line":4,"column":14},"end":{"line":4,"column":39}},"4":{"start":{"line":8,"column":0},"end":{"line":29,"column":3}},"5":{"start":{"line":9,"column":18},"end":{"line":9,"column":121}},"6":{"start":{"line":10,"column":18},"end":{"line":10,"column":121}},"7":{"start":{"line":11,"column":4},"end":{"line":28,"column":5}},"8":{"start":{"line":12,"column":23},"end":{"line":20,"column":10}},"9":{"start":{"line":21,"column":8},"end":{"line":21,"column":41}},"10":{"start":{"line":22,"column":22},"end":{"line":22,"column":33}},"11":{"start":{"line":23,"column":8},"end":{"line":23,"column":68}},"12":{"start":{"line":24,"column":8},"end":{"line":24,"column":50}},"13":{"start":{"line":26,"column":8},"end":{"line":26,"column":99}},"14":{"start":{"line":27,"column":8},"end":{"line":27,"column":79}},"15":{"start":{"line":33,"column":0},"end":{"line":45,"column":3}},"16":{"start":{"line":34,"column":19},"end":{"line":34,"column":39}},"17":{"start":{"line":35,"column":4},"end":{"line":43,"column":7}},"18":{"start":{"line":36,"column":8},"end":{"line":42,"column":10}},"19":{"start":{"line":44,"column":4},"end":{"line":44,"column":35}},"20":{"start":{"line":49,"column":0},"end":{"line":53,"column":3}},"21":{"start":{"line":50,"column":4},"end":{"line":50,"column":31}},"22":{"start":{"line":51,"column":4},"end":{"line":51,"column":82}},"23":{"start":{"line":52,"column":4},"end":{"line":52,"column":60}},"24":{"start":{"line":57,"column":0},"end":{"line":69,"column":3}},"25":{"start":{"line":58,"column":19},"end":{"line":58,"column":170}},"26":{"start":{"line":59,"column":4},"end":{"line":67,"column":7}},"27":{"start":{"line":60,"column":8},"end":{"line":66,"column":10}},"28":{"start":{"line":68,"column":4},"end":{"line":68,"column":35}},"29":{"start":{"line":73,"column":0},"end":{"line":83,"column":3}},"30":{"start":{"line":74,"column":18},"end":{"line":74,"column":122}},"31":{"start":{"line":75,"column":4},"end":{"line":79,"column":5}},"32":{"start":{"line":76,"column":8},"end":{"line":76,"column":86}},"33":{"start":{"line":77,"column":8},"end":{"line":77,"column":66}},"34":{"start":{"line":78,"column":8},"end":{"line":78,"column":15}},"35":{"start":{"line":80,"column":4},"end":{"line":80,"column":30}},"36":{"start":{"line":81,"column":4},"end":{"line":81,"column":79}},"37":{"start":{"line":82,"column":4},"end":{"line":82,"column":57}},"38":{"start":{"line":87,"column":0},"end":{"line":100,"column":3}},"39":{"start":{"line":88,"column":18},"end":{"line":88,"column":53}},"40":{"start":{"line":89,"column":4},"end":{"line":99,"column":7}},"41":{"start":{"line":107,"column":0},"end":{"line":107,"column":24}}},"fnMap":{"0":{"name":"(anonymous_0)","decl":{"start":{"line":8,"column":23},"end":{"line":8,"column":24}},"loc":{"start":{"line":8,"column":43},"end":{"line":29,"column":1}},"line":8},"1":{"name":"(anonymous_1)","decl":{"start":{"line":33,"column":22},"end":{"line":33,"column":23}},"loc":{"start":{"line":33,"column":42},"end":{"line":45,"column":1}},"line":33},"2":{"name":"(anonymous_2)","decl":{"start":{"line":35,"column":29},"end":{"line":35,"column":30}},"loc":{"start":{"line":35,"column":43},"end":{"line":43,"column":5}},"line":35},"3":{"name":"(anonymous_3)","decl":{"start":{"line":49,"column":28},"end":{"line":49,"column":29}},"loc":{"start":{"line":49,"column":48},"end":{"line":53,"column":1}},"line":49},"4":{"name":"(anonymous_4)","decl":{"start":{"line":57,"column":43},"end":{"line":57,"column":44}},"loc":{"start":{"line":57,"column":63},"end":{"line":69,"column":1}},"line":57},"5":{"name":"(anonymous_5)","decl":{"start":{"line":59,"column":29},"end":{"line":59,"column":30}},"loc":{"start":{"line":59,"column":43},"end":{"line":67,"column":5}},"line":59},"6":{"name":"(anonymous_6)","decl":{"start":{"line":73,"column":45},"end":{"line":73,"column":46}},"loc":{"start":{"line":73,"column":65},"end":{"line":83,"column":1}},"line":73},"7":{"name":"(anonymous_7)","decl":{"start":{"line":87,"column":19},"end":{"line":87,"column":20}},"loc":{"start":{"line":87,"column":39},"end":{"line":100,"column":1}},"line":87}},"branchMap":{"0":{"loc":{"start":{"line":11,"column":4},"end":{"line":28,"column":5}},"type":"if","locations":[{"start":{"line":11,"column":4},"end":{"line":28,"column":5}},{"start":{"line":25,"column":11},"end":{"line":28,"column":5}}],"line":11},"1":{"loc":{"start":{"line":11,"column":8},"end":{"line":11,"column":28}},"type":"binary-expr","locations":[{"start":{"line":11,"column":8},"end":{"line":11,"column":16}},{"start":{"line":11,"column":20},"end":{"line":11,"column":28}}],"line":11},"2":{"loc":{"start":{"line":75,"column":4},"end":{"line":79,"column":5}},"type":"if","locations":[{"start":{"line":75,"column":4},"end":{"line":79,"column":5}},{"start":{},"end":{}}],"line":75}},"s":{"0":2,"1":2,"2":2,"3":2,"4":2,"5":0,"6":0,"7":0,"8":0,"9":0,"10":0,"11":0,"12":0,"13":0,"14":0,"15":2,"16":1,"17":1,"18":1,"19":1,"20":2,"21":0,"22":0,"23":0,"24":2,"25":1,"26":1,"27":1,"28":1,"29":2,"30":0,"31":0,"32":0,"33":0,"34":0,"35":0,"36":0,"37":0,"38":2,"39":1,"40":1,"41":2},"f":{"0":0,"1":1,"2":1,"3":0,"4":1,"5":1,"6":0,"7":1},"b":{"0":[0,0],"1":[0,0],"2":[0,0]},"_coverageSchema":"1a1c01bbd47fc00a2c39e90264f33305004495a9","hash":"363841a4ebb934976e66dd07f8fd98cfa946f754"}
,"C:\\Users\\mailn\\Desktop\\moViewer\\MoViewerNet\\app\\tokenChecker.js": {"path":"C:\\Users\\mailn\\Desktop\\moViewer\\MoViewerNet\\app\\tokenChecker.js","statementMap":{"0":{"start":{"line":1,"column":12},"end":{"line":1,"column":35}},"1":{"start":{"line":5,"column":21},"end":{"line":25,"column":1}},"2":{"start":{"line":6,"column":13},"end":{"line":6,"column":109}},"3":{"start":{"line":7,"column":1},"end":{"line":13,"column":2}},"4":{"start":{"line":8,"column":2},"end":{"line":8,"column":26}},"5":{"start":{"line":9,"column":2},"end":{"line":12,"column":5}},"6":{"start":{"line":14,"column":1},"end":{"line":24,"column":4}},"7":{"start":{"line":15,"column":2},"end":{"line":23,"column":3}},"8":{"start":{"line":16,"column":3},"end":{"line":19,"column":6}},"9":{"start":{"line":21,"column":3},"end":{"line":21,"column":28}},"10":{"start":{"line":22,"column":3},"end":{"line":22,"column":10}},"11":{"start":{"line":29,"column":0},"end":{"line":29,"column":29}}},"fnMap":{"0":{"name":"(anonymous_0)","decl":{"start":{"line":5,"column":21},"end":{"line":5,"column":22}},"loc":{"start":{"line":5,"column":46},"end":{"line":25,"column":1}},"line":5},"1":{"name":"(anonymous_1)","decl":{"start":{"line":14,"column":45},"end":{"line":14,"column":46}},"loc":{"start":{"line":14,"column":68},"end":{"line":24,"column":2}},"line":14}},"branchMap":{"0":{"loc":{"start":{"line":6,"column":13},"end":{"line":6,"column":109}},"type":"binary-expr","locations":[{"start":{"line":6,"column":13},"end":{"line":6,"column":27}},{"start":{"line":6,"column":31},"end":{"line":6,"column":46}},{"start":{"line":6,"column":50},"end":{"line":6,"column":79}},{"start":{"line":6,"column":83},"end":{"line":6,"column":109}}],"line":6},"1":{"loc":{"start":{"line":7,"column":1},"end":{"line":13,"column":2}},"type":"if","locations":[{"start":{"line":7,"column":1},"end":{"line":13,"column":2}},{"start":{},"end":{}}],"line":7},"2":{"loc":{"start":{"line":15,"column":2},"end":{"line":23,"column":3}},"type":"if","locations":[{"start":{"line":15,"column":2},"end":{"line":23,"column":3}},{"start":{"line":20,"column":9},"end":{"line":23,"column":3}}],"line":15}},"s":{"0":2,"1":2,"2":0,"3":0,"4":0,"5":0,"6":0,"7":0,"8":0,"9":0,"10":0,"11":2},"f":{"0":0,"1":0},"b":{"0":[0,0,0,0],"1":[0,0],"2":[0,0]},"_coverageSchema":"1a1c01bbd47fc00a2c39e90264f33305004495a9","hash":"79dbd26dce8fa406b019d9ee23e8232fbf8087d1"}
,"C:\\Users\\mailn\\Desktop\\moViewer\\MoViewerNet\\app\\user.js": {"path":"C:\\Users\\mailn\\Desktop\\moViewer\\MoViewerNet\\app\\user.js","statementMap":{"0":{"start":{"line":1,"column":16},"end":{"line":1,"column":34}},"1":{"start":{"line":2,"column":15},"end":{"line":2,"column":31}},"2":{"start":{"line":3,"column":13},"end":{"line":3,"column":28}},"3":{"start":{"line":4,"column":13},"end":{"line":4,"column":37}},"4":{"start":{"line":10,"column":0},"end":{"line":45,"column":3}},"5":{"start":{"line":11,"column":17},"end":{"line":11,"column":104}},"6":{"start":{"line":12,"column":4},"end":{"line":44,"column":5}},"7":{"start":{"line":13,"column":22},"end":{"line":18,"column":10}},"8":{"start":{"line":19,"column":8},"end":{"line":23,"column":9}},"9":{"start":{"line":20,"column":12},"end":{"line":20,"column":98}},"10":{"start":{"line":21,"column":12},"end":{"line":21,"column":78}},"11":{"start":{"line":22,"column":12},"end":{"line":22,"column":19}},"12":{"start":{"line":24,"column":8},"end":{"line":24,"column":39}},"13":{"start":{"line":25,"column":21},"end":{"line":25,"column":31}},"14":{"start":{"line":26,"column":8},"end":{"line":26,"column":66}},"15":{"start":{"line":27,"column":8},"end":{"line":27,"column":64}},"16":{"start":{"line":30,"column":8},"end":{"line":43,"column":9}},"17":{"start":{"line":31,"column":12},"end":{"line":31,"column":81}},"18":{"start":{"line":32,"column":12},"end":{"line":32,"column":61}},"19":{"start":{"line":33,"column":15},"end":{"line":43,"column":9}},"20":{"start":{"line":34,"column":12},"end":{"line":34,"column":86}},"21":{"start":{"line":35,"column":12},"end":{"line":35,"column":66}},"22":{"start":{"line":36,"column":15},"end":{"line":43,"column":9}},"23":{"start":{"line":37,"column":12},"end":{"line":37,"column":76}},"24":{"start":{"line":38,"column":12},"end":{"line":38,"column":56}},"25":{"start":{"line":41,"column":12},"end":{"line":41,"column":120}},"26":{"start":{"line":42,"column":12},"end":{"line":42,"column":100}},"27":{"start":{"line":49,"column":0},"end":{"line":65,"column":3}},"28":{"start":{"line":50,"column":17},"end":{"line":50,"column":65}},"29":{"start":{"line":51,"column":4},"end":{"line":55,"column":5}},"30":{"start":{"line":52,"column":8},"end":{"line":52,"column":88}},"31":{"start":{"line":53,"column":8},"end":{"line":53,"column":68}},"32":{"start":{"line":54,"column":8},"end":{"line":54,"column":15}},"33":{"start":{"line":56,"column":4},"end":{"line":62,"column":7}},"34":{"start":{"line":57,"column":8},"end":{"line":61,"column":10}},"35":{"start":{"line":63,"column":4},"end":{"line":63,"column":33}},"36":{"start":{"line":64,"column":4},"end":{"line":64,"column":60}},"37":{"start":{"line":69,"column":0},"end":{"line":82,"column":3}},"38":{"start":{"line":70,"column":17},"end":{"line":70,"column":60}},"39":{"start":{"line":71,"column":4},"end":{"line":81,"column":5}},"40":{"start":{"line":72,"column":8},"end":{"line":72,"column":46}},"41":{"start":{"line":73,"column":8},"end":{"line":73,"column":37}},"42":{"start":{"line":74,"column":21},"end":{"line":74,"column":30}},"43":{"start":{"line":75,"column":8},"end":{"line":75,"column":66}},"44":{"start":{"line":76,"column":8},"end":{"line":76,"column":71}},"45":{"start":{"line":79,"column":8},"end":{"line":79,"column":97}},"46":{"start":{"line":80,"column":8},"end":{"line":80,"column":77}},"47":{"start":{"line":86,"column":0},"end":{"line":90,"column":3}},"48":{"start":{"line":87,"column":4},"end":{"line":87,"column":30}},"49":{"start":{"line":88,"column":4},"end":{"line":88,"column":81}},"50":{"start":{"line":89,"column":4},"end":{"line":89,"column":60}},"51":{"start":{"line":94,"column":0},"end":{"line":98,"column":3}},"52":{"start":{"line":95,"column":4},"end":{"line":95,"column":74}},"53":{"start":{"line":96,"column":4},"end":{"line":96,"column":88}},"54":{"start":{"line":97,"column":4},"end":{"line":97,"column":67}},"55":{"start":{"line":102,"column":0},"end":{"line":109,"column":3}},"56":{"start":{"line":103,"column":17},"end":{"line":103,"column":51}},"57":{"start":{"line":104,"column":4},"end":{"line":108,"column":7}},"58":{"start":{"line":114,"column":21},"end":{"line":114,"column":176}},"59":{"start":{"line":115,"column":4},"end":{"line":115,"column":39}},"60":{"start":{"line":121,"column":0},"end":{"line":121,"column":24}}},"fnMap":{"0":{"name":"(anonymous_0)","decl":{"start":{"line":10,"column":23},"end":{"line":10,"column":24}},"loc":{"start":{"line":10,"column":43},"end":{"line":45,"column":1}},"line":10},"1":{"name":"(anonymous_1)","decl":{"start":{"line":49,"column":33},"end":{"line":49,"column":34}},"loc":{"start":{"line":49,"column":53},"end":{"line":65,"column":1}},"line":49},"2":{"name":"(anonymous_2)","decl":{"start":{"line":56,"column":24},"end":{"line":56,"column":25}},"loc":{"start":{"line":56,"column":36},"end":{"line":62,"column":5}},"line":56},"3":{"name":"(anonymous_3)","decl":{"start":{"line":69,"column":30},"end":{"line":69,"column":31}},"loc":{"start":{"line":69,"column":50},"end":{"line":82,"column":1}},"line":69},"4":{"name":"(anonymous_4)","decl":{"start":{"line":86,"column":28},"end":{"line":86,"column":29}},"loc":{"start":{"line":86,"column":48},"end":{"line":90,"column":1}},"line":86},"5":{"name":"(anonymous_5)","decl":{"start":{"line":94,"column":24},"end":{"line":94,"column":25}},"loc":{"start":{"line":94,"column":44},"end":{"line":98,"column":1}},"line":94},"6":{"name":"(anonymous_6)","decl":{"start":{"line":102,"column":19},"end":{"line":102,"column":20}},"loc":{"start":{"line":102,"column":39},"end":{"line":109,"column":1}},"line":102},"7":{"name":"checkIfEmailInString","decl":{"start":{"line":113,"column":9},"end":{"line":113,"column":29}},"loc":{"start":{"line":113,"column":42},"end":{"line":116,"column":1}},"line":113}},"branchMap":{"0":{"loc":{"start":{"line":12,"column":4},"end":{"line":44,"column":5}},"type":"if","locations":[{"start":{"line":12,"column":4},"end":{"line":44,"column":5}},{"start":{"line":29,"column":9},"end":{"line":44,"column":5}}],"line":12},"1":{"loc":{"start":{"line":12,"column":8},"end":{"line":12,"column":111}},"type":"binary-expr","locations":[{"start":{"line":12,"column":8},"end":{"line":12,"column":15}},{"start":{"line":12,"column":19},"end":{"line":12,"column":59}},{"start":{"line":12,"column":63},"end":{"line":12,"column":90}},{"start":{"line":12,"column":94},"end":{"line":12,"column":111}}],"line":12},"2":{"loc":{"start":{"line":19,"column":8},"end":{"line":23,"column":9}},"type":"if","locations":[{"start":{"line":19,"column":8},"end":{"line":23,"column":9}},{"start":{},"end":{}}],"line":19},"3":{"loc":{"start":{"line":19,"column":11},"end":{"line":19,"column":98}},"type":"binary-expr","locations":[{"start":{"line":19,"column":11},"end":{"line":19,"column":24}},{"start":{"line":19,"column":28},"end":{"line":19,"column":59}},{"start":{"line":19,"column":63},"end":{"line":19,"column":98}}],"line":19},"4":{"loc":{"start":{"line":30,"column":8},"end":{"line":43,"column":9}},"type":"if","locations":[{"start":{"line":30,"column":8},"end":{"line":43,"column":9}},{"start":{"line":33,"column":15},"end":{"line":43,"column":9}}],"line":30},"5":{"loc":{"start":{"line":33,"column":15},"end":{"line":43,"column":9}},"type":"if","locations":[{"start":{"line":33,"column":15},"end":{"line":43,"column":9}},{"start":{"line":36,"column":15},"end":{"line":43,"column":9}}],"line":33},"6":{"loc":{"start":{"line":36,"column":15},"end":{"line":43,"column":9}},"type":"if","locations":[{"start":{"line":36,"column":15},"end":{"line":43,"column":9}},{"start":{"line":40,"column":13},"end":{"line":43,"column":9}}],"line":36},"7":{"loc":{"start":{"line":51,"column":4},"end":{"line":55,"column":5}},"type":"if","locations":[{"start":{"line":51,"column":4},"end":{"line":55,"column":5}},{"start":{},"end":{}}],"line":51},"8":{"loc":{"start":{"line":71,"column":4},"end":{"line":81,"column":5}},"type":"if","locations":[{"start":{"line":71,"column":4},"end":{"line":81,"column":5}},{"start":{"line":78,"column":9},"end":{"line":81,"column":5}}],"line":71}},"s":{"0":2,"1":2,"2":2,"3":2,"4":2,"5":0,"6":0,"7":0,"8":0,"9":0,"10":0,"11":0,"12":0,"13":0,"14":0,"15":0,"16":0,"17":0,"18":0,"19":0,"20":0,"21":0,"22":0,"23":0,"24":0,"25":0,"26":0,"27":2,"28":0,"29":0,"30":0,"31":0,"32":0,"33":0,"34":0,"35":0,"36":0,"37":2,"38":0,"39":0,"40":0,"41":0,"42":0,"43":0,"44":0,"45":0,"46":0,"47":2,"48":0,"49":0,"50":0,"51":2,"52":0,"53":0,"54":0,"55":2,"56":0,"57":0,"58":0,"59":0,"60":2},"f":{"0":0,"1":0,"2":0,"3":0,"4":0,"5":0,"6":0,"7":0},"b":{"0":[0,0],"1":[0,0,0,0],"2":[0,0],"3":[0,0,0],"4":[0,0],"5":[0,0],"6":[0,0],"7":[0,0],"8":[0,0]},"_coverageSchema":"1a1c01bbd47fc00a2c39e90264f33305004495a9","hash":"43d108f443be0ef02e7bbfa3c7b7147f59e81bcd"}
,"C:\\Users\\mailn\\Desktop\\moViewer\\MoViewerNet\\app\\models\\movie.js": {"path":"C:\\Users\\mailn\\Desktop\\moViewer\\MoViewerNet\\app\\models\\movie.js","statementMap":{"0":{"start":{"line":1,"column":17},"end":{"line":1,"column":36}},"1":{"start":{"line":4,"column":20},"end":{"line":13,"column":2}},"2":{"start":{"line":15,"column":14},"end":{"line":15,"column":50}},"3":{"start":{"line":16,"column":0},"end":{"line":16,"column":23}}},"fnMap":{},"branchMap":{},"s":{"0":2,"1":2,"2":2,"3":2},"f":{},"b":{},"_coverageSchema":"1a1c01bbd47fc00a2c39e90264f33305004495a9","hash":"e9e79aea7c7da0e9e855fd6f656b1fadc268b201"}
,"C:\\Users\\mailn\\Desktop\\moViewer\\MoViewerNet\\app\\models\\review.js": {"path":"C:\\Users\\mailn\\Desktop\\moViewer\\MoViewerNet\\app\\models\\review.js","statementMap":{"0":{"start":{"line":1,"column":17},"end":{"line":1,"column":36}},"1":{"start":{"line":4,"column":21},"end":{"line":10,"column":2}},"2":{"start":{"line":12,"column":15},"end":{"line":12,"column":53}},"3":{"start":{"line":13,"column":0},"end":{"line":13,"column":24}}},"fnMap":{},"branchMap":{},"s":{"0":2,"1":2,"2":2,"3":2},"f":{},"b":{},"_coverageSchema":"1a1c01bbd47fc00a2c39e90264f33305004495a9","hash":"82b61b7bb6809ed2f3a671c79ed4742a4e1ef3b7"}
,"C:\\Users\\mailn\\Desktop\\moViewer\\MoViewerNet\\app\\models\\serie.js": {"path":"C:\\Users\\mailn\\Desktop\\moViewer\\MoViewerNet\\app\\models\\serie.js","statementMap":{"0":{"start":{"line":1,"column":17},"end":{"line":1,"column":36}},"1":{"start":{"line":4,"column":20},"end":{"line":13,"column":2}},"2":{"start":{"line":15,"column":14},"end":{"line":15,"column":50}},"3":{"start":{"line":16,"column":0},"end":{"line":16,"column":23}}},"fnMap":{},"branchMap":{},"s":{"0":2,"1":2,"2":2,"3":2},"f":{},"b":{},"_coverageSchema":"1a1c01bbd47fc00a2c39e90264f33305004495a9","hash":"21bf5fe00128c48cbd82c4ea828c34367790855d"}
,"C:\\Users\\mailn\\Desktop\\moViewer\\MoViewerNet\\app\\models\\user.js": {"path":"C:\\Users\\mailn\\Desktop\\moViewer\\MoViewerNet\\app\\models\\user.js","statementMap":{"0":{"start":{"line":1,"column":17},"end":{"line":1,"column":36}},"1":{"start":{"line":4,"column":19},"end":{"line":12,"column":2}},"2":{"start":{"line":14,"column":13},"end":{"line":14,"column":47}},"3":{"start":{"line":15,"column":0},"end":{"line":15,"column":22}}},"fnMap":{},"branchMap":{},"s":{"0":2,"1":2,"2":2,"3":2},"f":{},"b":{},"_coverageSchema":"1a1c01bbd47fc00a2c39e90264f33305004495a9","hash":"5a784119686525c4d7676a39fa575f22b389582d"}
}
